GET /	/home/de-iot/Downloads/NodeFileServer/config.json	Sat Jul 01 2017 00:38:00 GMT+0530 (IST)
GET /upload	/home/de-iot/Downloads/NodeFileServer/static/upload.html	Sat Jul 01 2017 00:38:11 GMT+0530 (IST)
GET /jquery	/home/de-iot/Downloads/NodeFileServer/static/jquery.js	Sat Jul 01 2017 00:38:12 GMT+0530 (IST)
GET /utils	/home/de-iot/Downloads/NodeFileServer/static/utils.js	Sat Jul 01 2017 00:38:13 GMT+0530 (IST)
GET /upload	/home/de-iot/Downloads/NodeFileServer/static/upload.html	Sat Jul 01 2017 00:38:21 GMT+0530 (IST)
GET /jquery	/home/de-iot/Downloads/NodeFileServer/static/jquery.js	Sat Jul 01 2017 00:38:21 GMT+0530 (IST)
GET /utils	/home/de-iot/Downloads/NodeFileServer/static/utils.js	Sat Jul 01 2017 00:38:21 GMT+0530 (IST)
POST /uploadFile	/home/de-iot/Downloads/NodeFileServer/uploads/1.jpg	Sat Jul 01 2017 00:39:04 GMT+0530 (IST)
POST /uploadFile	/home/de-iot/Downloads/NodeFileServer/uploads/111.jpg	Sat Jul 01 2017 00:39:29 GMT+0530 (IST)
GET /upload	/home/de-iot/Downloads/NodeFileServer/static/upload.html	Sat Jul 01 2017 00:42:04 GMT+0530 (IST)
GET /jquery	/home/de-iot/Downloads/NodeFileServer/static/jquery.js	Sat Jul 01 2017 00:42:05 GMT+0530 (IST)
GET /utils	/home/de-iot/Downloads/NodeFileServer/static/utils.js	Sat Jul 01 2017 00:42:05 GMT+0530 (IST)
POST /uploadFile	/home/de-iot/Downloads/NodeFileServer/uploads/Shivang Trivedi.jpg	Sat Jul 01 2017 00:42:31 GMT+0530 (IST)
GET /upload	/home/de-iot/Downloads/NodeFileServer/static/upload.html	Wed Jul 05 2017 10:04:06 GMT+0530 (IST)
GET /jquery	/home/de-iot/Downloads/NodeFileServer/static/jquery.js	Wed Jul 05 2017 10:04:06 GMT+0530 (IST)
GET /utils	/home/de-iot/Downloads/NodeFileServer/static/utils.js	Wed Jul 05 2017 10:04:06 GMT+0530 (IST)
GET /upload	/home/de-iot/Downloads/NodeFileServer/static/upload.html	Wed Jul 05 2017 10:09:16 GMT+0530 (IST)
GET /jquery	/home/de-iot/Downloads/NodeFileServer/static/jquery.js	Wed Jul 05 2017 10:09:16 GMT+0530 (IST)
GET /utils	/home/de-iot/Downloads/NodeFileServer/static/utils.js	Wed Jul 05 2017 10:09:16 GMT+0530 (IST)
POST /uploadFile	/home/de-iot/Downloads/NodeFileServer/uploads/Digital-POD_ver1_Harsh.zip	Wed Jul 05 2017 10:10:13 GMT+0530 (IST)
